# JRE version: OpenJDK Runtime Environment Corretto-17.0.10.7.1 (17.0.10+7) (build 17.0.10+7-LTS)
# Java VM: OpenJDK 64-Bit Server VM Corretto-17.0.10.7.1 (17.0.10+7-LTS, mixed mode, sharing, tiered, compressed oops, compressed class ptrs, g1 gc, windows-amd64)
GC Precious Log:
 CPUs: 4 total, 4 available
 Memory: 6081M
 Large Page Support: Disabled
 NUMA Support: Disabled
 Compressed Oops: Enabled (32-bit)
 Heap Region Size: 1M
 Heap Min Capacity: 8M
 Heap Initial Capacity: 96M
 Heap Max Capacity: 2G
 Pre-touch: Disabled
 Parallel Workers: 4
 Concurrent Workers: 1
 Concurrent Refinement Workers: 4
 Periodic GC: Disabled
Heap:
 garbage-first heap   total 256000K, used 115887K [0x0000000080000000, 0x0000000100000000)
  region size 1024K, 34 young (34816K), 1 survivors (1024K)
 Metaspace       used 57756K, committed 58368K, reserved 1114112K
  class space    used 8150K, committed 8448K, reserved 1048576K
GC Heap History (20 events):
Event: 21.594 GC heap before
{Heap before GC invocations=13 (full 0):
 garbage-first heap   total 104448K, used 67499K [0x0000000080000000, 0x0000000100000000)
  region size 1024K, 12 young (12288K), 2 survivors (2048K)
 Metaspace       used 36191K, committed 36672K, reserved 1114112K
  class space    used 5035K, committed 5248K, reserved 1048576K
}
Event: 21.598 GC heap after
{Heap after GC invocations=14 (full 0):
 garbage-first heap   total 104448K, used 59992K [0x0000000080000000, 0x0000000100000000)
  region size 1024K, 4 young (4096K), 4 survivors (4096K)
 Metaspace       used 36191K, committed 36672K, reserved 1114112K
  class space    used 5035K, committed 5248K, reserved 1048576K
}
Event: 21.863 GC heap before
{Heap before GC invocations=15 (full 0):
 garbage-first heap   total 109568K, used 75352K [0x0000000080000000, 0x0000000100000000)
  region size 1024K, 15 young (15360K), 4 survivors (4096K)
 Metaspace       used 36884K, committed 37440K, reserved 1114112K
  class space    used 5113K, committed 5376K, reserved 1048576K
}
Event: 21.868 GC heap after
{Heap after GC invocations=16 (full 0):
 garbage-first heap   total 109568K, used 68271K [0x0000000080000000, 0x0000000100000000)
  region size 1024K, 4 young (4096K), 4 survivors (4096K)
 Metaspace       used 36884K, committed 37440K, reserved 1114112K
  class space    used 5113K, committed 5376K, reserved 1048576K
}
Event: 22.441 GC heap before
{Heap before GC invocations=17 (full 0):
 garbage-first heap   total 119808K, used 86703K [0x0000000080000000, 0x0000000100000000)
  region size 1024K, 21 young (21504K), 4 survivors (4096K)
 Metaspace       used 39088K, committed 39680K, reserved 1114112K
  class space    used 5329K, committed 5632K, reserved 1048576K
}
Event: 22.447 GC heap after
{Heap after GC invocations=18 (full 0):
 garbage-first heap   total 119808K, used 69372K [0x0000000080000000, 0x0000000100000000)
  region size 1024K, 2 young (2048K), 2 survivors (2048K)
 Metaspace       used 39088K, committed 39680K, reserved 1114112K
  class space    used 5329K, committed 5632K, reserved 1048576K
}
Event: 22.455 GC heap before
{Heap before GC invocations=18 (full 0):
 garbage-first heap   total 119808K, used 72444K [0x0000000080000000, 0x0000000100000000)
  region size 1024K, 5 young (5120K), 2 survivors (2048K)
 Metaspace       used 39088K, committed 39680K, reserved 1114112K
  class space    used 5329K, committed 5632K, reserved 1048576K
}
Event: 22.459 GC heap after
{Heap after GC invocations=19 (full 0):
 garbage-first heap   total 119808K, used 69063K [0x0000000080000000, 0x0000000100000000)
  region size 1024K, 1 young (1024K), 1 survivors (1024K)
 Metaspace       used 39088K, committed 39680K, reserved 1114112K
  class space    used 5329K, committed 5632K, reserved 1048576K
}
Event: 23.188 GC heap before
{Heap before GC invocations=19 (full 0):
 garbage-first heap   total 119808K, used 91591K [0x0000000080000000, 0x0000000100000000)
  region size 1024K, 24 young (24576K), 1 survivors (1024K)
 Metaspace       used 42648K, committed 43328K, reserved 1114112K
  class space    used 6263K, committed 6592K, reserved 1048576K
}
Event: 23.191 GC heap after
{Heap after GC invocations=20 (full 0):
 garbage-first heap   total 119808K, used 69893K [0x0000000080000000, 0x0000000100000000)
  region size 1024K, 2 young (2048K), 2 survivors (2048K)
 Metaspace       used 42648K, committed 43328K, reserved 1114112K
  class space    used 6263K, committed 6592K, reserved 1048576K
}
Event: 23.749 GC heap before
{Heap before GC invocations=21 (full 0):
 garbage-first heap   total 122880K, used 93445K [0x0000000080000000, 0x0000000100000000)
  region size 1024K, 25 young (25600K), 2 survivors (2048K)
 Metaspace       used 45771K, committed 46400K, reserved 1114112K
  class space    used 6691K, committed 6976K, reserved 1048576K
}
Event: 23.752 GC heap after
{Heap after GC invocations=22 (full 0):
 garbage-first heap   total 122880K, used 70524K [0x0000000080000000, 0x0000000100000000)
  region size 1024K, 2 young (2048K), 2 survivors (2048K)
 Metaspace       used 45771K, committed 46400K, reserved 1114112K
  class space    used 6691K, committed 6976K, reserved 1048576K
}
Event: 24.269 GC heap before
{Heap before GC invocations=22 (full 0):
 garbage-first heap   total 122880K, used 98172K [0x0000000080000000, 0x0000000100000000)
  region size 1024K, 29 young (29696K), 2 survivors (2048K)
 Metaspace       used 49576K, committed 50240K, reserved 1114112K
  class space    used 7164K, committed 7488K, reserved 1048576K
}
Event: 24.274 GC heap after
{Heap after GC invocations=23 (full 0):
 garbage-first heap   total 122880K, used 72015K [0x0000000080000000, 0x0000000100000000)
  region size 1024K, 4 young (4096K), 4 survivors (4096K)
 Metaspace       used 49576K, committed 50240K, reserved 1114112K
  class space    used 7164K, committed 7488K, reserved 1048576K
}
Event: 24.906 GC heap before
{Heap before GC invocations=24 (full 0):
 garbage-first heap   total 128000K, used 102735K [0x0000000080000000, 0x0000000100000000)
  region size 1024K, 30 young (30720K), 4 survivors (4096K)
 Metaspace       used 53528K, committed 54144K, reserved 1114112K
  class space    used 7617K, committed 7936K, reserved 1048576K
}
Event: 24.912 GC heap after
{Heap after GC invocations=25 (full 0):
 garbage-first heap   total 128000K, used 77005K [0x0000000080000000, 0x0000000100000000)
  region size 1024K, 3 young (3072K), 3 survivors (3072K)
 Metaspace       used 53528K, committed 54144K, reserved 1114112K
  class space    used 7617K, committed 7936K, reserved 1048576K
}
Event: 24.964 GC heap before
{Heap before GC invocations=25 (full 0):
 garbage-first heap   total 128000K, used 79053K [0x0000000080000000, 0x0000000100000000)
  region size 1024K, 6 young (6144K), 3 survivors (3072K)
 Metaspace       used 53960K, committed 54592K, reserved 1114112K
  class space    used 7668K, committed 8000K, reserved 1048576K
}
Event: 24.969 GC heap after
{Heap after GC invocations=26 (full 0):
 garbage-first heap   total 128000K, used 76715K [0x0000000080000000, 0x0000000100000000)
  region size 1024K, 1 young (1024K), 1 survivors (1024K)
 Metaspace       used 53960K, committed 54592K, reserved 1114112K
  class space    used 7668K, committed 8000K, reserved 1048576K
}
Event: 25.312 GC heap before
{Heap before GC invocations=26 (full 0):
 garbage-first heap   total 128000K, used 96171K [0x0000000080000000, 0x0000000100000000)
  region size 1024K, 21 young (21504K), 1 survivors (1024K)
 Metaspace       used 57392K, committed 58048K, reserved 1114112K
  class space    used 8125K, committed 8448K, reserved 1048576K
}
Event: 25.316 GC heap after
{Heap after GC invocations=27 (full 0):
 garbage-first heap   total 256000K, used 76975K [0x0000000080000000, 0x0000000100000000)
  region size 1024K, 1 young (1024K), 1 survivors (1024K)
 Metaspace       used 57392K, committed 58048K, reserved 1114112K
  class space    used 8125K, committed 8448K, reserved 1048576K
}

